Build started 2017/6/26 17:00:45.
     1>Project "G:\task_file\project docs\9550A UDP控制协议\udp控制协议-修改\client\client\client.vcxproj" on node 2 (rebuild target(s)).
     1>_PrepareForClean:
         Deleting file "Debug\client.lastbuildstate".
       InitializeBuildStatus:
         Touching "Debug\client.unsuccessfulbuild".
       ClCompile:
         D:\Program Files\vs2010\install file\VC\bin\CL.exe /c /ZI /nologo /W3 /WX- /Od /Oy- /D WIN32 /D _WINDOWS /D _DEBUG /D _UNICODE /D UNICODE /Gm /EHsc /RTC1 /MTd /GS /fp:precise /Zc:wchar_t /Zc:forScope /Yc"StdAfx.h" /Fp"Debug\client.pch" /Fo"Debug\\" /Fd"Debug\vc100.pdb" /Gd /TP /analyze- /errorReport:prompt stdafx.cpp
         stdafx.cpp
         D:\Program Files\vs2010\install file\VC\bin\CL.exe /c /ZI /nologo /W3 /WX- /Od /Oy- /D WIN32 /D _WINDOWS /D _DEBUG /D _UNICODE /D UNICODE /Gm /EHsc /RTC1 /MTd /GS /fp:precise /Zc:wchar_t /Zc:forScope /Yu"StdAfx.h" /Fp"Debug\client.pch" /Fo"Debug\\" /Fd"Debug\vc100.pdb" /Gd /TP /analyze- /errorReport:prompt client.cpp clientDlg.cpp ctrl_frame.cpp
         ctrl_frame.cpp
     1>g:\task_file\project docs\9550a udp控制协议\udp控制协议-修改\client\client\ctrl_frame.cpp(130): warning C4996: 'sprintf': This function or variable may be unsafe. Consider using sprintf_s instead. To disable deprecation, use _CRT_SECURE_NO_WARNINGS. See online help for details.
                 d:\program files\vs2010\install file\vc\include\stdio.h(371) : see declaration of 'sprintf'
     1>g:\task_file\project docs\9550a udp控制协议\udp控制协议-修改\client\client\ctrl_frame.cpp(135): warning C4996: 'sprintf': This function or variable may be unsafe. Consider using sprintf_s instead. To disable deprecation, use _CRT_SECURE_NO_WARNINGS. See online help for details.
                 d:\program files\vs2010\install file\vc\include\stdio.h(371) : see declaration of 'sprintf'
     1>g:\task_file\project docs\9550a udp控制协议\udp控制协议-修改\client\client\ctrl_frame.cpp(138): warning C4996: 'sprintf': This function or variable may be unsafe. Consider using sprintf_s instead. To disable deprecation, use _CRT_SECURE_NO_WARNINGS. See online help for details.
                 d:\program files\vs2010\install file\vc\include\stdio.h(371) : see declaration of 'sprintf'
     1>g:\task_file\project docs\9550a udp控制协议\udp控制协议-修改\client\client\ctrl_frame.cpp(141): warning C4996: 'sprintf': This function or variable may be unsafe. Consider using sprintf_s instead. To disable deprecation, use _CRT_SECURE_NO_WARNINGS. See online help for details.
                 d:\program files\vs2010\install file\vc\include\stdio.h(371) : see declaration of 'sprintf'
     1>g:\task_file\project docs\9550a udp控制协议\udp控制协议-修改\client\client\ctrl_frame.cpp(146): warning C4996: 'sprintf': This function or variable may be unsafe. Consider using sprintf_s instead. To disable deprecation, use _CRT_SECURE_NO_WARNINGS. See online help for details.
                 d:\program files\vs2010\install file\vc\include\stdio.h(371) : see declaration of 'sprintf'
     1>g:\task_file\project docs\9550a udp控制协议\udp控制协议-修改\client\client\ctrl_frame.cpp(153): warning C4996: 'sprintf': This function or variable may be unsafe. Consider using sprintf_s instead. To disable deprecation, use _CRT_SECURE_NO_WARNINGS. See online help for details.
                 d:\program files\vs2010\install file\vc\include\stdio.h(371) : see declaration of 'sprintf'
     1>g:\task_file\project docs\9550a udp控制协议\udp控制协议-修改\client\client\ctrl_frame.cpp(158): warning C4996: 'sprintf': This function or variable may be unsafe. Consider using sprintf_s instead. To disable deprecation, use _CRT_SECURE_NO_WARNINGS. See online help for details.
                 d:\program files\vs2010\install file\vc\include\stdio.h(371) : see declaration of 'sprintf'
     1>g:\task_file\project docs\9550a udp控制协议\udp控制协议-修改\client\client\ctrl_frame.cpp(166): warning C4996: 'sprintf': This function or variable may be unsafe. Consider using sprintf_s instead. To disable deprecation, use _CRT_SECURE_NO_WARNINGS. See online help for details.
                 d:\program files\vs2010\install file\vc\include\stdio.h(371) : see declaration of 'sprintf'
     1>g:\task_file\project docs\9550a udp控制协议\udp控制协议-修改\client\client\ctrl_frame.cpp(172): warning C4996: 'sprintf': This function or variable may be unsafe. Consider using sprintf_s instead. To disable deprecation, use _CRT_SECURE_NO_WARNINGS. See online help for details.
                 d:\program files\vs2010\install file\vc\include\stdio.h(371) : see declaration of 'sprintf'
     1>g:\task_file\project docs\9550a udp控制协议\udp控制协议-修改\client\client\ctrl_frame.cpp(175): warning C4996: 'sprintf': This function or variable may be unsafe. Consider using sprintf_s instead. To disable deprecation, use _CRT_SECURE_NO_WARNINGS. See online help for details.
                 d:\program files\vs2010\install file\vc\include\stdio.h(371) : see declaration of 'sprintf'
     1>g:\task_file\project docs\9550a udp控制协议\udp控制协议-修改\client\client\ctrl_frame.cpp(185): warning C4996: 'strncpy': This function or variable may be unsafe. Consider using strncpy_s instead. To disable deprecation, use _CRT_SECURE_NO_WARNINGS. See online help for details.
                 d:\program files\vs2010\install file\vc\include\string.h(188) : see declaration of 'strncpy'
     1>g:\task_file\project docs\9550a udp控制协议\udp控制协议-修改\client\client\ctrl_frame.cpp(45): warning C4101: 'Val' : unreferenced local variable
     1>g:\task_file\project docs\9550a udp控制协议\udp控制协议-修改\client\client\ctrl_frame.cpp(231): warning C4996: 'sscanf': This function or variable may be unsafe. Consider using sscanf_s instead. To disable deprecation, use _CRT_SECURE_NO_WARNINGS. See online help for details.
                 d:\program files\vs2010\install file\vc\include\stdio.h(325) : see declaration of 'sscanf'
     1>g:\task_file\project docs\9550a udp控制协议\udp控制协议-修改\client\client\ctrl_frame.cpp(239): warning C4996: 'sscanf': This function or variable may be unsafe. Consider using sscanf_s instead. To disable deprecation, use _CRT_SECURE_NO_WARNINGS. See online help for details.
                 d:\program files\vs2010\install file\vc\include\stdio.h(325) : see declaration of 'sscanf'
     1>g:\task_file\project docs\9550a udp控制协议\udp控制协议-修改\client\client\ctrl_frame.cpp(249): warning C4996: 'sscanf': This function or variable may be unsafe. Consider using sscanf_s instead. To disable deprecation, use _CRT_SECURE_NO_WARNINGS. See online help for details.
                 d:\program files\vs2010\install file\vc\include\stdio.h(325) : see declaration of 'sscanf'
     1>g:\task_file\project docs\9550a udp控制协议\udp控制协议-修改\client\client\ctrl_frame.cpp(257): warning C4996: 'sscanf': This function or variable may be unsafe. Consider using sscanf_s instead. To disable deprecation, use _CRT_SECURE_NO_WARNINGS. See online help for details.
                 d:\program files\vs2010\install file\vc\include\stdio.h(325) : see declaration of 'sscanf'
     1>g:\task_file\project docs\9550a udp控制协议\udp控制协议-修改\client\client\ctrl_frame.cpp(265): warning C4996: 'sscanf': This function or variable may be unsafe. Consider using sscanf_s instead. To disable deprecation, use _CRT_SECURE_NO_WARNINGS. See online help for details.
                 d:\program files\vs2010\install file\vc\include\stdio.h(325) : see declaration of 'sscanf'
     1>g:\task_file\project docs\9550a udp控制协议\udp控制协议-修改\client\client\ctrl_frame.cpp(272): warning C4996: 'sscanf': This function or variable may be unsafe. Consider using sscanf_s instead. To disable deprecation, use _CRT_SECURE_NO_WARNINGS. See online help for details.
                 d:\program files\vs2010\install file\vc\include\stdio.h(325) : see declaration of 'sscanf'
     1>g:\task_file\project docs\9550a udp控制协议\udp控制协议-修改\client\client\ctrl_frame.cpp(280): warning C4996: 'sscanf': This function or variable may be unsafe. Consider using sscanf_s instead. To disable deprecation, use _CRT_SECURE_NO_WARNINGS. See online help for details.
                 d:\program files\vs2010\install file\vc\include\stdio.h(325) : see declaration of 'sscanf'
     1>g:\task_file\project docs\9550a udp控制协议\udp控制协议-修改\client\client\ctrl_frame.cpp(285): warning C4996: 'sscanf': This function or variable may be unsafe. Consider using sscanf_s instead. To disable deprecation, use _CRT_SECURE_NO_WARNINGS. See online help for details.
                 d:\program files\vs2010\install file\vc\include\stdio.h(325) : see declaration of 'sscanf'
     1>g:\task_file\project docs\9550a udp控制协议\udp控制协议-修改\client\client\ctrl_frame.cpp(293): warning C4996: 'sscanf': This function or variable may be unsafe. Consider using sscanf_s instead. To disable deprecation, use _CRT_SECURE_NO_WARNINGS. See online help for details.
                 d:\program files\vs2010\install file\vc\include\stdio.h(325) : see declaration of 'sscanf'
         clientDlg.cpp
         client.cpp
         Generating Code...
       ResourceCompile:
         C:\Program Files (x86)\Microsoft SDKs\Windows\v7.0A\bin\rc.exe /D _DEBUG /D _UNICODE /D UNICODE /l"0x0804" /IDebug\ /nologo /fo"Debug\client.res" client.rc 
       ManifestResourceCompile:
         C:\Program Files (x86)\Microsoft SDKs\Windows\v7.0A\bin\rc.exe /nologo /fo"Debug\client.exe.embed.manifest.res" Debug\client_manifest.rc 
       Link:
         D:\Program Files\vs2010\install file\VC\bin\link.exe /ERRORREPORT:PROMPT /OUT:"G:\task_file\project docs\9550A UDP控制协议\udp控制协议-修改\client\Debug\client.exe" /INCREMENTAL /NOLOGO /MANIFEST /ManifestFile:"Debug\client.exe.intermediate.manifest" /MANIFESTUAC:"level='asInvoker' uiAccess='false'" /DEBUG /PDB:"G:\task_file\project docs\9550A UDP控制协议\udp控制协议-修改\client\Debug\client.pdb" /SUBSYSTEM:WINDOWS /TLBID:1 /ENTRY:"wWinMainCRTStartup" /DYNAMICBASE /NXCOMPAT /IMPLIB:"G:\task_file\project docs\9550A UDP控制协议\udp控制协议-修改\client\Debug\client.lib" /MACHINE:X86 Debug\client.res
         Debug\client.exe.embed.manifest.res
         Debug\client.obj
         Debug\clientDlg.obj
         Debug\ctrl_frame.obj
         Debug\stdafx.obj
       Manifest:
         Deleting file "Debug\client.exe.embed.manifest".
         C:\Program Files (x86)\Microsoft SDKs\Windows\v7.0A\bin\mt.exe /nologo /verbose /out:"Debug\client.exe.embed.manifest" /manifest Debug\client.exe.intermediate.manifest "D:\Program Files\vs2010\install file\VC\Include\Manifest\dpiaware.manifest"
         C:\Program Files (x86)\Microsoft SDKs\Windows\v7.0A\bin\rc.exe /nologo /fo"Debug\client.exe.embed.manifest.res" Debug\client_manifest.rc 
       LinkEmbedManifest:
         D:\Program Files\vs2010\install file\VC\bin\link.exe /ERRORREPORT:PROMPT /OUT:"G:\task_file\project docs\9550A UDP控制协议\udp控制协议-修改\client\Debug\client.exe" /INCREMENTAL /NOLOGO /MANIFEST /ManifestFile:"Debug\client.exe.intermediate.manifest" /MANIFESTUAC:"level='asInvoker' uiAccess='false'" /DEBUG /PDB:"G:\task_file\project docs\9550A UDP控制协议\udp控制协议-修改\client\Debug\client.pdb" /SUBSYSTEM:WINDOWS /TLBID:1 /ENTRY:"wWinMainCRTStartup" /DYNAMICBASE /NXCOMPAT /IMPLIB:"G:\task_file\project docs\9550A UDP控制协议\udp控制协议-修改\client\Debug\client.lib" /MACHINE:X86 Debug\client.res
         Debug\client.exe.embed.manifest.res
         Debug\client.obj
         Debug\clientDlg.obj
         Debug\ctrl_frame.obj
         Debug\stdafx.obj
         client.vcxproj -> G:\task_file\project docs\9550A UDP控制协议\udp控制协议-修改\client\Debug\client.exe
       FinalizeBuildStatus:
         Deleting file "Debug\client.unsuccessfulbuild".
         Touching "Debug\client.lastbuildstate".
     1>Done Building Project "G:\task_file\project docs\9550A UDP控制协议\udp控制协议-修改\client\client\client.vcxproj" (rebuild target(s)).

Build succeeded.

Time Elapsed 00:00:05.20
