G:\task_file\project docs\9550A UDP控制协议\udp控制协议-修改\client\client\Debug\cl.command.1.tlog
G:\task_file\project docs\9550A UDP控制协议\udp控制协议-修改\client\client\Debug\CL.read.1.tlog
G:\task_file\project docs\9550A UDP控制协议\udp控制协议-修改\client\client\Debug\CL.write.1.tlog
G:\task_file\project docs\9550A UDP控制协议\udp控制协议-修改\client\client\Debug\client.exe.embed.manifest
G:\TASK_FILE\PROJECT DOCS\9550A UDP控制协议\UDP控制协议-修改\CLIENT\CLIENT\DEBUG\CLIENT.EXE.EMBED.MANIFEST.RES
G:\TASK_FILE\PROJECT DOCS\9550A UDP控制协议\UDP控制协议-修改\CLIENT\CLIENT\DEBUG\CLIENT.OBJ
G:\TASK_FILE\PROJECT DOCS\9550A UDP控制协议\UDP控制协议-修改\CLIENT\CLIENT\DEBUG\CLIENT.PCH
G:\TASK_FILE\PROJECT DOCS\9550A UDP控制协议\UDP控制协议-修改\CLIENT\CLIENT\DEBUG\CLIENT.RES
G:\task_file\project docs\9550A UDP控制协议\udp控制协议-修改\client\client\Debug\client.write.1.tlog
G:\task_file\project docs\9550A UDP控制协议\udp控制协议-修改\client\client\Debug\client_manifest.rc
G:\TASK_FILE\PROJECT DOCS\9550A UDP控制协议\UDP控制协议-修改\CLIENT\CLIENT\DEBUG\CLIENTDLG.OBJ
G:\TASK_FILE\PROJECT DOCS\9550A UDP控制协议\UDP控制协议-修改\CLIENT\CLIENT\DEBUG\CTRL_FRAME.OBJ
G:\task_file\project docs\9550A UDP控制协议\udp控制协议-修改\client\client\Debug\link.command.1.tlog
G:\task_file\project docs\9550A UDP控制协议\udp控制协议-修改\client\client\Debug\link.read.1.tlog
G:\task_file\project docs\9550A UDP控制协议\udp控制协议-修改\client\client\Debug\link.write.1.tlog
G:\task_file\project docs\9550A UDP控制协议\udp控制协议-修改\client\client\Debug\rc.command.1.tlog
G:\task_file\project docs\9550A UDP控制协议\udp控制协议-修改\client\client\Debug\rc.read.1.tlog
G:\task_file\project docs\9550A UDP控制协议\udp控制协议-修改\client\client\Debug\rc.write.1.tlog
G:\TASK_FILE\PROJECT DOCS\9550A UDP控制协议\UDP控制协议-修改\CLIENT\CLIENT\DEBUG\STDAFX.OBJ
G:\task_file\project docs\9550A UDP控制协议\udp控制协议-修改\client\client\Debug\vc100.idb
G:\TASK_FILE\PROJECT DOCS\9550A UDP控制协议\UDP控制协议-修改\CLIENT\CLIENT\DEBUG\VC100.PDB
